c:\users\i_mna\downloads\zzzzz-main\debug\mdcstoreimageexample.pch
c:\users\i_mna\downloads\zzzzz-main\debug\vc141.pdb
c:\users\i_mna\downloads\zzzzz-main\debug\vc141.idb
c:\users\i_mna\downloads\zzzzz-main\debug\stdafx.obj
c:\users\i_mna\downloads\zzzzz-main\debug\blobcallbackex.obj
c:\users\i_mna\downloads\zzzzz-main\debug\getimagerecord_callback.obj
c:\users\i_mna\downloads\zzzzz-main\debug\getsitesbyplate_callback.obj
c:\users\i_mna\downloads\zzzzz-main\debug\mdcstoredbcallback.obj
c:\users\i_mna\downloads\zzzzz-main\debug\mdcstoreimageexample.obj
c:\users\i_mna\downloads\zzzzz-main\debug\mdcstoreimageexample.exe
c:\users\i_mna\downloads\zzzzz-main\debug\mdcstoreimageexample.pdb
c:\users\i_mna\downloads\zzzzz-main\debug\mdcstoreimageexample.lib
c:\users\i_mna\downloads\zzzzz-main\debug\mdcstoreimageexample.exp
c:\users\i_mna\downloads\zzzzz-main\debug\mdcstoreimageexample.res
c:\users\i_mna\downloads\zzzzz-main\debug\mdcstore.be6243a3.tlog\cl.command.1.tlog
c:\users\i_mna\downloads\zzzzz-main\debug\mdcstore.be6243a3.tlog\cl.read.1.tlog
c:\users\i_mna\downloads\zzzzz-main\debug\mdcstore.be6243a3.tlog\cl.write.1.tlog
c:\users\i_mna\downloads\zzzzz-main\debug\mdcstore.be6243a3.tlog\link.command.1.tlog
c:\users\i_mna\downloads\zzzzz-main\debug\mdcstore.be6243a3.tlog\link.read.1.tlog
c:\users\i_mna\downloads\zzzzz-main\debug\mdcstore.be6243a3.tlog\link.write.1.tlog
c:\users\i_mna\downloads\zzzzz-main\debug\mdcstore.be6243a3.tlog\mdcstoreimageexample.write.1u.tlog
c:\users\i_mna\downloads\zzzzz-main\debug\mdcstore.be6243a3.tlog\rc.command.1.tlog
c:\users\i_mna\downloads\zzzzz-main\debug\mdcstore.be6243a3.tlog\rc.read.1.tlog
c:\users\i_mna\downloads\zzzzz-main\debug\mdcstore.be6243a3.tlog\rc.write.1.tlog
